Temp/gradleOut/build/outputs/logs/manifest-merger-debug-report.txt
-- Merging decision tree log ---
manifest
ADDED from src/main/AndroidManifest.xml:2:1-27:12
	package
		ADDED from src/main/AndroidManifest.xml:2:70-98
		INJECTED from src/main/AndroidManifest.xml
		INJECTED from src/main/AndroidManifest.xml
	android:versionName
		ADDED from src/main/AndroidManifest.xml:2:123-148
		INJECTED from src/main/AndroidManifest.xml
		INJECTED from src/main/AndroidManifest.xml
	android:versionCode
		ADDED from src/main/AndroidManifest.xml:2:99-122
		INJECTED from src/main/AndroidManifest.xml
		INJECTED from src/main/AndroidManifest.xml
	xmlns:android
		ADDED from src/main/AndroidManifest.xml:2:11-69
	android:installLocation
		ADDED from src/main/AndroidManifest.xml:2:149-189
supports-screens
ADDED from src/main/AndroidManifest.xml:3:3-163
	android:largeScreens
		ADDED from src/main/AndroidManifest.xml:3:78-105
	android:smallScreens
		ADDED from src/main/AndroidManifest.xml:3:21-48
	android:normalScreens
		ADDED from src/main/AndroidManifest.xml:3:49-77
	android:xlargeScreens
		ADDED from src/main/AndroidManifest.xml:3:106-134
	android:anyDensity
		ADDED from src/main/AndroidManifest.xml:3:135-160
application
ADDED from src/main/AndroidManifest.xml:4:3-15:17
	android:label
		ADDED from src/main/AndroidManifest.xml:4:50-82
	android:icon
		ADDED from src/main/AndroidManifest.xml:4:16-49
	android:banner
		ADDED from src/main/AndroidManifest.xml:4:105-142
	android:isGame
		ADDED from src/main/AndroidManifest.xml:4:83-104
activity#com.unity3d.player.UnityPlayerActivity
ADDED from src/main/AndroidManifest.xml:5:5-11:16
	android:screenOrientation
		ADDED from src/main/AndroidManifest.xml:5:102-140
	android:label
		ADDED from src/main/AndroidManifest.xml:5:69-101
	android:hardwareAccelerated
		ADDED from src/main/AndroidManifest.xml:5:355-390
	android:launchMode
		ADDED from src/main/AndroidManifest.xml:5:141-172
	android:configChanges
		ADDED from src/main/AndroidManifest.xml:5:173-354
	android:name
		ADDED from src/main/AndroidManifest.xml:5:15-68
intent-filter#android.intent.action.MAIN+android.intent.category.LAUNCHER+android.intent.category.LEANBACK_LAUNCHER
ADDED from src/main/AndroidManifest.xml:6:7-10:23
action#android.intent.action.MAIN
ADDED from src/main/AndroidManifest.xml:7:9-61
	android:name
		ADDED from src/main/AndroidManifest.xml:7:17-58
category#android.intent.category.LAUNCHER
ADDED from src/main/AndroidManifest.xml:8:9-69
	android:name
		ADDED from src/main/AndroidManifest.xml:8:19-66
category#android.intent.category.LEANBACK_LAUNCHER
ADDED from src/main/AndroidManifest.xml:9:9-78
	android:name
		ADDED from src/main/AndroidManifest.xml:9:19-75
meta-data#unity.build-id
ADDED from src/main/AndroidManifest.xml:12:5-101
	android:value
		ADDED from src/main/AndroidManifest.xml:12:46-98
	android:name
		ADDED from src/main/AndroidManifest.xml:12:16-45
meta-data#unity.splash-mode
ADDED from src/main/AndroidManifest.xml:13:5-69
	android:value
		ADDED from src/main/AndroidManifest.xml:13:49-66
	android:name
		ADDED from src/main/AndroidManifest.xml:13:16-48
meta-data#unity.splash-enable
ADDED from src/main/AndroidManifest.xml:14:5-74
	android:value
		ADDED from src/main/AndroidManifest.xml:14:51-71
	android:name
		ADDED from src/main/AndroidManifest.xml:14:16-50
uses-permission#android.permission.CAMERA
ADDED from src/main/AndroidManifest.xml:16:3-63
	android:name
		ADDED from src/main/AndroidManifest.xml:16:20-60
uses-permission#android.permission.WRITE_EXTERNAL_STORAGE
ADDED from src/main/AndroidManifest.xml:17:3-79
	android:name
		ADDED from src/main/AndroidManifest.xml:17:20-76
uses-permission#android.permission.INTERNET
ADDED from src/main/AndroidManifest.xml:18:3-65
	android:name
		ADDED from src/main/AndroidManifest.xml:18:20-62
uses-feature#0x00020000
ADDED from src/main/AndroidManifest.xml:19:3-52
	android:glEsVersion
		ADDED from src/main/AndroidManifest.xml:19:17-49
uses-feature#android.hardware.camera
ADDED from src/main/AndroidManifest.xml:20:3-83
	android:required
		ADDED from src/main/AndroidManifest.xml:20:56-80
	android:name
		ADDED from src/main/AndroidManifest.xml:20:17-55
uses-feature#android.hardware.camera.autofocus
ADDED from src/main/AndroidManifest.xml:21:3-93
	android:required
		ADDED from src/main/AndroidManifest.xml:21:66-90
	android:name
		ADDED from src/main/AndroidManifest.xml:21:17-65
uses-feature#android.hardware.camera.front
ADDED from src/main/AndroidManifest.xml:22:3-89
	android:required
		ADDED from src/main/AndroidManifest.xml:22:62-86
	android:name
		ADDED from src/main/AndroidManifest.xml:22:17-61
uses-permission#android.permission.READ_EXTERNAL_STORAGE
ADDED from src/main/AndroidManifest.xml:23:3-105
	android:maxSdkVersion
		ADDED from src/main/AndroidManifest.xml:23:76-102
	android:name
		ADDED from src/main/AndroidManifest.xml:23:20-75
uses-feature#android.hardware.touchscreen
ADDED from src/main/AndroidManifest.xml:24:3-88
	android:required
		ADDED from src/main/AndroidManifest.xml:24:61-85
	android:name
		ADDED from src/main/AndroidManifest.xml:24:17-60
uses-feature#android.hardware.touchscreen.multitouch
ADDED from src/main/AndroidManifest.xml:25:3-99
	android:required
		ADDED from src/main/AndroidManifest.xml:25:72-96
	android:name
		ADDED from src/main/AndroidManifest.xml:25:17-71
uses-feature#android.hardware.touchscreen.multitouch.distinct
ADDED from src/main/AndroidManifest.xml:26:3-108
	android:required
		ADDED from src/main/AndroidManifest.xml:26:81-105
	android:name
		ADDED from src/main/AndroidManifest.xml:26:17-80
uses-sdk
INJECTED from src/main/AndroidManifest.xml reason: use-sdk injection requested
	android:targetSdkVersion
		INJECTED from src/main/AndroidManifest.xml
		INJECTED from src/main/AndroidManifest.xml
	android:minSdkVersion
		INJECTED from src/main/AndroidManifest.xml
		INJECTED from src/main/AndroidManifest.xml